<?xml version="1.0" encoding="UTF-8"?>
<!-- Generated by org.testng.reporters.JUnitXMLReporter -->
<testsuite ignored="2" hostname="sujith" failures="0" tests="0" time="0.013" errors="0" timestamp="2023-08-08T12:03:30 IST">
  <testcase classname="SeleniumFramework.tests.ErrorValidationsTest" name="Loginerrorvalidation" time="0.0">
    <ignored/>
  </testcase> <!-- Loginerrorvalidation -->
  <testcase classname="SeleniumFramework.tests.ErrorValidationsTest" name="Producterrorvalidation" time="0.0">
    <ignored/>
  </testcase> <!-- Producterrorvalidation -->
</testsuite>
