<?xml version="1.0" encoding="UTF-8"?>
<!-- Generated by org.testng.reporters.JUnitXMLReporter -->
<testsuite ignored="1" hostname="sujith" failures="2" tests="2" name="SubmitOrder Test" time="23.557" errors="0" timestamp="2023-08-08T12:03:53 IST">
  <testcase classname="SeleniumFramework.tests.SubmitOrderTest" name="submitorder" time="0.109">
    <failure type="java.lang.NullPointerException" message="Cannot invoke &amp;quot;SeleniumFramework.PageObjects.LandingPage.LoginApplication(String, String)&amp;quot; because &amp;quot;this.landingpage&amp;quot; is null">
      <![CDATA[java.lang.NullPointerException: Cannot invoke "SeleniumFramework.PageObjects.LandingPage.LoginApplication(String, String)" because "this.landingpage" is null
at SeleniumFramework.tests.SubmitOrderTest.submitorder(SubmitOrderTest.java:30)
at java.base/java.util.ArrayList.forEach(ArrayList.java:1511)
at java.base/java.util.concurrent.FutureTask.run(FutureTask.java:264)
at java.base/java.util.concurrent.ThreadPoolExecutor.runWorker(ThreadPoolExecutor.java:1136)
at java.base/java.util.concurrent.ThreadPoolExecutor$Worker.run(ThreadPoolExecutor.java:635)
at java.base/java.lang.Thread.run(Thread.java:833)
... Removed 18 stack frames]]>
    </failure>
  </testcase> <!-- submitorder -->
  <testcase classname="SeleniumFramework.tests.SubmitOrderTest" name="submitorder" time="0.006">
    <failure type="java.lang.NullPointerException" message="Cannot invoke &amp;quot;SeleniumFramework.PageObjects.LandingPage.LoginApplication(String, String)&amp;quot; because &amp;quot;this.landingpage&amp;quot; is null">
      <![CDATA[java.lang.NullPointerException: Cannot invoke "SeleniumFramework.PageObjects.LandingPage.LoginApplication(String, String)" because "this.landingpage" is null
at SeleniumFramework.tests.SubmitOrderTest.submitorder(SubmitOrderTest.java:30)
at java.base/java.util.ArrayList.forEach(ArrayList.java:1511)
at java.base/java.util.concurrent.FutureTask.run(FutureTask.java:264)
at java.base/java.util.concurrent.ThreadPoolExecutor.runWorker(ThreadPoolExecutor.java:1136)
at java.base/java.util.concurrent.ThreadPoolExecutor$Worker.run(ThreadPoolExecutor.java:635)
at java.base/java.lang.Thread.run(Thread.java:833)
... Removed 18 stack frames]]>
    </failure>
  </testcase> <!-- submitorder -->
  <testcase classname="SeleniumFramework.tests.SubmitOrderTest" name="OrderHistoryTest" time="0.0">
    <ignored/>
  </testcase> <!-- OrderHistoryTest -->
</testsuite> <!-- SubmitOrder Test -->
