<?xml version="1.0" encoding="UTF-8"?>
<!-- Generated by org.testng.reporters.JUnitXMLReporter -->
<testsuite hostname="sujith" ignored="0" name="ErrorValidations Test" tests="2" failures="0" timestamp="2024-07-09T16:03:51 IST" time="69.334" errors="0">
  <testcase name="Loginerrorvalidation" time="2.12" classname="SeleniumFramework.tests.ErrorValidationsTest"/>
  <testcase name="Producterrorvalidation" time="14.538" classname="SeleniumFramework.tests.ErrorValidationsTest"/>
</testsuite> <!-- ErrorValidations Test -->
