<?xml version="1.0" encoding="UTF-8"?>
<!-- Generated by org.testng.reporters.JUnitXMLReporter -->
<testsuite hostname="sujith" ignored="0" name="SubmitOrder Test" tests="3" failures="0" timestamp="2024-07-09T16:04:07 IST" time="85.237" errors="0">
  <testcase name="submitorder" time="8.025" classname="SeleniumFramework.tests.SubmitOrderTest"/>
  <testcase name="submitorder" time="15.641" classname="SeleniumFramework.tests.SubmitOrderTest"/>
  <testcase name="OrderHistoryTest" time="1.621" classname="SeleniumFramework.tests.SubmitOrderTest"/>
</testsuite> <!-- SubmitOrder Test -->
